<?xml version="1.0" encoding="UTF-8"?>
<!-- Generated by org.testng.reporters.JUnitReportReporter -->
<testsuite hostname="DESKTOP-KF7URRH" failures="0" tests="1" name="testCases.TC_007_LogoutTest" time="3.851" errors="0" timestamp="2024-07-24T14:52:11 GMT-04:00" skipped="0">
  <testcase classname="testCases.TC_007_LogoutTest" name="test_Logout" time="3.851"/>
</testsuite> <!-- testCases.TC_007_LogoutTest -->
