<?xml version="1.0" encoding="UTF-8"?>
<!-- Generated by org.testng.reporters.JUnitReportReporter -->
<testsuite hostname="DESKTOP-KF7URRH" failures="0" tests="1" name="testCases.TC_004_SearchProductTest" time="2.008" errors="0" timestamp="2024-06-24T19:09:11 GMT-04:00" skipped="0">
  <testcase classname="testCases.TC_004_SearchProductTest" name="test_pruductSearch" time="2.008"/>
</testsuite> <!-- testCases.TC_004_SearchProductTest -->
