<?xml version="1.0" encoding="UTF-8"?>
<!-- Generated by org.testng.reporters.JUnitReportReporter -->
<testsuite hostname="DESKTOP-KF7URRH" failures="0" tests="1" name="testCases.TC_006_EndToEndTest" time="22.736" errors="0" timestamp="2023-10-18T13:29:28 GMT-04:00" skipped="0">
  <testcase classname="testCases.TC_006_EndToEndTest" name="endToendTest" time="22.736"/>
</testsuite> <!-- testCases.TC_006_EndToEndTest -->
