<?xml version="1.0" encoding="UTF-8"?>
<!-- Generated by org.testng.reporters.JUnitReportReporter -->
<testsuite hostname="DESKTOP-KF7URRH" failures="0" tests="1" name="testCases.TC_008_ForgotPassword" time="11.996" errors="0" timestamp="2024-07-25T13:56:13 GMT-04:00" skipped="0">
  <testcase classname="testCases.TC_008_ForgotPassword" name="Test_forgotpassword" time="11.996"/>
</testsuite> <!-- testCases.TC_008_ForgotPassword -->
