<?xml version="1.0" encoding="UTF-8"?>
<!-- Generated by org.testng.reporters.JUnitReportReporter -->
<testsuite hostname="DESKTOP-KF7URRH" failures="0" tests="1" name="testCases.TC_002_LoginTest" time="26.940" errors="0" timestamp="2024-07-18T19:59:18 GMT-04:00" skipped="0">
  <testcase classname="testCases.TC_002_LoginTest" name="test_Login" time="26.940"/>
</testsuite> <!-- testCases.TC_002_LoginTest -->
