<?xml version="1.0" encoding="UTF-8"?>
<!-- Generated by org.testng.reporters.JUnitReportReporter -->
<testsuite hostname="DESKTOP-KF7URRH" failures="0" tests="1" name="TestCases.TC_002_LoginTest" time="3.983" errors="0" timestamp="2023-07-25T15:17:13 GMT-04:00" skipped="0">
  <testcase classname="TestCases.TC_002_LoginTest" name="test_Login" time="3.983"/>
</testsuite> <!-- TestCases.TC_002_LoginTest -->
