<?xml version="1.0" encoding="UTF-8"?>
<!-- Generated by org.testng.reporters.JUnitReportReporter -->
<testsuite hostname="DESKTOP-KF7URRH" failures="0" tests="1" name="TestCases.TC_001_AccountRegistrationTest" time="4.261" errors="0" timestamp="2023-07-25T15:17:13 GMT-04:00" skipped="0">
  <testcase classname="TestCases.TC_001_AccountRegistrationTest" name="Test_Register" time="4.261"/>
</testsuite> <!-- TestCases.TC_001_AccountRegistrationTest -->
